
The HCMV genome (NC_006273.2) has 169 CDS.

sample	condition	min_tpm	med_tpm	mean_tpm	max_tpm
Donor 1	2dpi	0.0	1877.01	5917.1601786982255	76933.3
Donor 1	6dpi	0.0	1980.99	5917.159885798816	177497.0
Donor 3	2dpi	0.0	1906.83	5917.161822485208	222794.0
Donor 3	6dpi	0.0	1087.21	5917.163998816568	400458.0

target_id	test_stat	pval	qval
"lcl|NC_006273.2_cds_YP_081530.1_79"	15.176783612141	9.78997044679738e-05	0.00841023143999838
"lcl|NC_006273.2_cds_YP_081547.1_96"	15.0304738522269	0.000105789074716961	0.00841023143999838
"lcl|NC_006273.2_cds_YP_081552.1_101"	14.0637060663726	0.000176721206005221	0.00936622391827673
"lcl|NC_006273.2_cds_YP_081551.1_100"	12.4652538540647	0.000414592172185356	0.0164800388443679
"lcl|NC_006273.2_cds_YP_081577.1_125"	11.848533281502	0.000577067791286211	0.0176947948510741
"lcl|NC_006273.2_cds_YP_081489.1_36"	11.5769935648089	0.000667728107587703	0.0176947948510741
"lcl|NC_006273.2_cds_YP_081574.1_122"	11.0341336172115	0.000894494702797347	0.0188053655884118
"lcl|NC_006273.2_cds_YP_081521.1_69"	10.8637485389882	0.000980649966953317	0.0188053655884118
"lcl|NC_006273.2_cds_YP_081576.1_124"	10.7119555174028	0.00106445465594784	0.0188053655884118
"lcl|NC_006273.2_cds_YP_081490.1_38"	10.2060385043713	0.00139981542624634	0.0222570652773168
"lcl|NC_006273.2_cds_YP_081522.1_70"	9.391106385278	0.00218040580539575	0.0315167748234477
"lcl|NC_006273.2_cds_YP_081561.1_110"	8.95113079313018	0.00277297882597845	0.0367419694442145
"lcl|NC_006273.2_cds_YP_081613.1_162"	8.62644261692954	0.00331317950734714	0.0405227339744766
"lcl|NC_006273.2_cds_YP_081600.1_149"	8.39486730593993	0.00376281979240885	0.042734881928072
"lcl|NC_006273.2_cds_YP_081520.1_68"	8.25011370707317	0.00407494482609668	0.0431944151566248
"lcl|NC_006273.2_cds_YP_081533.1_82"	8.03338764990763	0.00459228698952296	0.0456358519583844
"lcl|NC_006273.2_cds_YP_081601.1_150"	7.86874282184583	0.00502966093930839	0.0470421229029432
"lcl|NC_006273.2_cds_YP_081595.1_144"	7.68055224934831	0.00558190834135452	0.0493068570152982

Donor 1 (2dpi) had 2259287 read pairs before Bowtie2 filtering and 1208500 read pairs after.
Donor 1 (6dpi) had 2004530 read pairs before Bowtie2 filtering and 904594 read pairs after.
Donor 3 (2dpi) had 2730258 read pairs before Bowtie2 filtering and 1501669 read pairs after.
Donor 3 (6dpi) had 2476889 read pairs before Bowtie2 filtering and 977337 read pairs after.

SPAdes command for Donor 1: spades.py -k 77 -t 2 --only-assembler --pe-1 1 SRR5660030_mapped_1.fq --pe-2 1 SRR5660030_mapped_2.fq --pe-1 2 SRR5660033_mapped_1.fq --pe-2 2 SRR5660033_mapped_2.fq -o Donor1_assembly/
SPAdes command for Donor 3: spades.py -k 77 -t 2 --only-assembler --pe-1 1 SRR5660044_mapped_1.fq --pe-2 1 SRR5660044_mapped_2.fq --pe-1 2 SRR5660045_mapped_1.fq --pe-2 2 SRR5660045_mapped_2.fq -o Donor3_assembly/

Donor1:
sacc	pidenttlength	qstart	qend	sstart	send	bitscore	evalue	stitle
lcl|NC_006273.2_cds_YP_081506.1_54	99.294	3967	24	3989	6726	2760	7169	0.0	Query_1

Donor3:
sacc	pidenttlength	qstart	qend	sstart	send	bitscore	evalue	stitle
lcl|NC_006273.2_cds_YP_081506.1_54	99.212	6726	24	6746	6726	1	12124	0.0	Query_1

